<?xml version="1.0" encoding="UTF-8"?>
<testng-results ignored="0" total="1" passed="1" failed="0" skipped="0">
  <reporter-output>
  </reporter-output>
  <suite started-at="2023-09-22T02:22:58 EDT" name="Default suite" finished-at="2023-09-22T02:22:58 EDT" duration-ms="98">
    <groups>
    </groups>
    <test started-at="2023-09-22T02:22:58 EDT" name="Default test" finished-at="2023-09-22T02:22:58 EDT" duration-ms="98">
      <class name="com.facebooktTest.ContainFunctionXpath">
        <test-method signature="containFunction()[pri:0, instance:com.facebooktTest.ContainFunctionXpath@40005471]" started-at="2023-09-22T02:22:58 EDT" name="containFunction" finished-at="2023-09-22T02:22:58 EDT" duration-ms="23" status="PASS">
          <reporter-output>
          </reporter-output>
        </test-method> <!-- containFunction -->
      </class> <!-- com.facebooktTest.ContainFunctionXpath -->
    </test> <!-- Default test -->
  </suite> <!-- Default suite -->
</testng-results>
