<?xml version="1.0" encoding="UTF-8"?>
<testng-results ignored="0" total="1" passed="1" failed="0" skipped="0">
  <reporter-output>
  </reporter-output>
  <suite started-at="2023-09-23T13:45:13 EDT" name="Default suite" finished-at="2023-09-23T13:45:20 EDT" duration-ms="7807">
    <groups>
    </groups>
    <test started-at="2023-09-23T13:45:13 EDT" name="Default test" finished-at="2023-09-23T13:45:20 EDT" duration-ms="7807">
      <class name="com.facebooktTest.RegularCSS">
        <test-method is-config="true" signature="openFacebook()[pri:0, instance:com.facebooktTest.RegularCSS@2925bf5b]" started-at="2023-09-23T13:45:13 EDT" name="openFacebook" finished-at="2023-09-23T13:45:20 EDT" duration-ms="7526" status="PASS">
          <reporter-output>
          </reporter-output>
        </test-method> <!-- openFacebook -->
        <test-method signature="loginTest()[pri:0, instance:com.facebooktTest.RegularCSS@2925bf5b]" started-at="2023-09-23T13:45:20 EDT" name="loginTest" finished-at="2023-09-23T13:45:20 EDT" duration-ms="180" status="PASS">
          <reporter-output>
          </reporter-output>
        </test-method> <!-- loginTest -->
      </class> <!-- com.facebooktTest.RegularCSS -->
    </test> <!-- Default test -->
  </suite> <!-- Default suite -->
</testng-results>
